<?xml version="1.0" encoding="UTF-8"?>
<!-- Generated by org.testng.reporters.JUnitReportReporter -->
<testsuite hostname="Oke" failures="0" tests="1" name="testCases.TC_021_VerifyFirstNameFieldAcceptsAnyCharacter" time="3.506" errors="0" timestamp="2023-08-15T18:33:59 BST" skipped="0">
  <testcase classname="testCases.TC_021_VerifyFirstNameFieldAcceptsAnyCharacter" name="VerifyFirstNameFieldAcceptsAnyCharacter" time="3.506"/>
  <system-out/>
</testsuite> <!-- testCases.TC_021_VerifyFirstNameFieldAcceptsAnyCharacter -->
