<?xml version="1.0" encoding="UTF-8"?>
<!-- Generated by org.testng.reporters.JUnitReportReporter -->
<testsuite hostname="Oke" failures="0" tests="1" name="testCases.TC_005_LoginFunctionalityWithoutCredentials" time="6.236" errors="0" timestamp="2023-08-14T09:39:45 BST" skipped="0">
  <testcase classname="testCases.TC_005_LoginFunctionalityWithoutCredentials" name="LoginFunctionalityWithoutCredentials" time="6.236"/>
  <system-out/>
</testsuite> <!-- testCases.TC_005_LoginFunctionalityWithoutCredentials -->
