<?xml version="1.0" encoding="UTF-8"?>
<!-- Generated by org.testng.reporters.JUnitReportReporter -->
<testsuite hostname="Oke" failures="0" tests="1" name="testCases.TC_009_ForgetPasswordLinkFunctionalityWithoutEmail" time="6.540" errors="0" timestamp="2023-08-14T09:39:45 BST" skipped="0">
  <testcase classname="testCases.TC_009_ForgetPasswordLinkFunctionalityWithoutEmail" name="ForgetPasswordLinkFunctionalityWithoutEmail" time="6.540"/>
  <system-out/>
</testsuite> <!-- testCases.TC_009_ForgetPasswordLinkFunctionalityWithoutEmail -->
