<?xml version="1.0" encoding="UTF-8"?>
<!-- Generated by org.testng.reporters.JUnitReportReporter -->
<testsuite hostname="Oke" failures="0" tests="1" name="testCases.TC_010_GoogleSignupLinkIsEnabled" time="6.109" errors="0" timestamp="2023-08-14T09:39:45 BST" skipped="0">
  <testcase classname="testCases.TC_010_GoogleSignupLinkIsEnabled" name="VerifyGoogleSignUpBtnIsEnabled" time="6.109"/>
  <system-out/>
</testsuite> <!-- testCases.TC_010_GoogleSignupLinkIsEnabled -->
