<?xml version="1.0" encoding="UTF-8"?>
<!-- Generated by org.testng.reporters.JUnitReportReporter -->
<testsuite hostname="Oke" failures="0" tests="1" name="testCases.TC_003_LoginFunctionalityWithInvalidEmailAndValidPassword" time="4.974" errors="0" timestamp="2023-08-15T12:39:00 BST" skipped="0">
  <testcase classname="testCases.TC_003_LoginFunctionalityWithInvalidEmailAndValidPassword" name="LoginTestWithInvalidEmailAndValidPassword" time="4.974"/>
  <system-out/>
</testsuite> <!-- testCases.TC_003_LoginFunctionalityWithInvalidEmailAndValidPassword -->
