<?xml version="1.0" encoding="UTF-8"?>
<!-- Generated by org.testng.reporters.JUnitReportReporter -->
<testsuite hostname="Oke" failures="0" tests="1" name="testCases.TC_022_VerifyLastNameFieldAcceptsAnyCharacter" time="3.528" errors="0" timestamp="2023-08-16T16:40:27 BST" skipped="0">
  <testcase classname="testCases.TC_022_VerifyLastNameFieldAcceptsAnyCharacter" name="VerifyLastNameFieldAcceptsAnyCharacter" time="3.528"/>
  <system-out/>
</testsuite> <!-- testCases.TC_022_VerifyLastNameFieldAcceptsAnyCharacter -->
