<?xml version="1.0" encoding="UTF-8"?>
<!-- Generated by org.testng.reporters.JUnitReportReporter -->
<testsuite hostname="Oke" failures="0" tests="1" name="testCases.TC_024_VerifyUnsuccessfulSignupWithBlankEmail" time="2.167" errors="0" timestamp="2023-08-20T20:32:13 BST" skipped="0">
  <testcase classname="testCases.TC_024_VerifyUnsuccessfulSignupWithBlankEmail" name="VerifyUnsuccessfulSignupWithBlankEmail" time="2.167"/>
  <system-out/>
</testsuite> <!-- testCases.TC_024_VerifyUnsuccessfulSignupWithBlankEmail -->
