<?xml version="1.0" encoding="UTF-8"?>
<!-- Generated by org.testng.reporters.JUnitReportReporter -->
<testsuite hostname="Oke" failures="0" tests="1" name="testCases.TC_019_VerifySignInToYourAccountText" time="6.172" errors="0" timestamp="2023-08-14T09:39:45 BST" skipped="0">
  <testcase classname="testCases.TC_019_VerifySignInToYourAccountText" name="VerifySignInToYourAccountText" time="6.172"/>
  <system-out/>
</testsuite> <!-- testCases.TC_019_VerifySignInToYourAccountText -->
