<?xml version="1.0" encoding="UTF-8"?>
<!-- Generated by org.testng.reporters.JUnitReportReporter -->
<testsuite hostname="Oke" failures="0" tests="1" name="testCases.TC_023_VerifyUserNameFieldAcceptsAnyCharacter" time="3.568" errors="0" timestamp="2023-08-16T17:19:28 BST" skipped="0">
  <testcase classname="testCases.TC_023_VerifyUserNameFieldAcceptsAnyCharacter" name="VerifyUserNameFieldAcceptsAnyCharacter" time="3.568"/>
  <system-out/>
</testsuite> <!-- testCases.TC_023_VerifyUserNameFieldAcceptsAnyCharacter -->
