<?xml version="1.0" encoding="UTF-8"?>
<!-- Generated by org.testng.reporters.JUnitReportReporter -->
<testsuite hostname="Oke" failures="0" tests="1" name="testCases.TC_003_LoginFunctionalityWithInvalidEmailAndValidPassword" time="4.982" errors="0" timestamp="2023-08-14T09:39:45 BST" skipped="0">
  <testcase classname="testCases.TC_003_LoginFunctionalityWithInvalidEmailAndValidPassword" name="LoginTestWithInvalidEmailAndValidPassword" time="4.982"/>
  <system-out/>
</testsuite> <!-- testCases.TC_003_LoginFunctionalityWithInvalidEmailAndValidPassword -->
