<?xml version="1.0" encoding="UTF-8"?>
<!-- Generated by org.testng.reporters.JUnitReportReporter -->
<testsuite hostname="Oke" failures="0" tests="1" name="testCases.TC_008_ForgotPasswordLinkFunctionalityWithInvalidEmail" time="6.468" errors="0" timestamp="2023-08-14T09:39:45 BST" skipped="0">
  <testcase classname="testCases.TC_008_ForgotPasswordLinkFunctionalityWithInvalidEmail" name="ForgotPasswordLinkFunctionalityWithInvalidEmail" time="6.468"/>
  <system-out/>
</testsuite> <!-- testCases.TC_008_ForgotPasswordLinkFunctionalityWithInvalidEmail -->
