<?xml version="1.0" encoding="UTF-8"?>
<!-- Generated by org.testng.reporters.JUnitReportReporter -->
<testsuite hostname="Oke" failures="0" tests="1" name="testCases.TC_002_LoginFunctionalityWithInvalidCredentials" time="6.939" errors="0" timestamp="2023-08-14T09:39:45 BST" skipped="0">
  <testcase classname="testCases.TC_002_LoginFunctionalityWithInvalidCredentials" name="LoginTestWithInvalidCredentials" time="6.939"/>
  <system-out/>
</testsuite> <!-- testCases.TC_002_LoginFunctionalityWithInvalidCredentials -->
