<?xml version="1.0" encoding="UTF-8"?>
<!-- Generated by org.testng.reporters.JUnitReportReporter -->
<testsuite hostname="Oke" failures="0" tests="1" name="testCases.TC_006_ForgotPasswordLinkTextIsDisplayed" time="6.221" errors="0" timestamp="2023-08-14T09:39:45 BST" skipped="0">
  <testcase classname="testCases.TC_006_ForgotPasswordLinkTextIsDisplayed" name="ForgotPasswordLinkTextIsDisplayed" time="6.221"/>
  <system-out/>
</testsuite> <!-- testCases.TC_006_ForgotPasswordLinkTextIsDisplayed -->
