<?xml version="1.0" encoding="UTF-8"?>
<!-- Generated by org.testng.reporters.JUnitReportReporter -->
<testsuite hostname="Oke" failures="0" tests="1" name="testCases.TC_014_LoginWithApple" time="6.108" errors="0" timestamp="2023-08-14T09:39:45 BST" skipped="0">
  <testcase classname="testCases.TC_014_LoginWithApple" name="VerifyLoginWithApple" time="6.108"/>
  <system-out/>
</testsuite> <!-- testCases.TC_014_LoginWithApple -->
