<?xml version="1.0" encoding="UTF-8"?>
<!-- Generated by org.testng.reporters.JUnitReportReporter -->
<testsuite hostname="Oke" failures="0" tests="1" name="testCases.TC_020_VerifySuccessfulSignupWithCompleteSpecificUserDetails" time="3.220" errors="0" timestamp="2023-08-15T14:18:03 BST" skipped="0">
  <testcase classname="testCases.TC_020_VerifySuccessfulSignupWithCompleteSpecificUserDetails" name="VerifySuccessfulSignupWithCompleteSpecificUserDetails" time="3.220"/>
  <system-out/>
</testsuite> <!-- testCases.TC_020_VerifySuccessfulSignupWithCompleteSpecificUserDetails -->
